<?xml version="1.0" encoding="UTF-8"?>
<!-- Generated by org.testng.reporters.JUnitReportReporter -->
<testsuite skipped="0" hostname="DESKTOP-P8GB3II" name="testCases.Online_Calender" tests="1" failures="0" timestamp="23 Feb 2018 08:43:22 GMT" time="22.207" errors="0">
  <testcase name="OpenBrowserTesting" time="22.207" classname="testCases.Online_Calender"/>
</testsuite> <!-- testCases.Online_Calender -->
