<?xml version="1.0" encoding="UTF-8"?>
<!-- Generated by org.testng.reporters.JUnitReportReporter -->
<testsuite skipped="0" hostname="SYS-PC" name="testCases.UpdateNotificationTwitter" tests="1" failures="0" timestamp="27 Feb 2018 17:06:33 GMT" time="96.710" errors="0">
  <testcase name="OpenBrowserTesting" time="96.710" classname="testCases.UpdateNotificationTwitter"/>
</testsuite> <!-- testCases.UpdateNotificationTwitter -->
