<?xml version="1.0" encoding="UTF-8"?>
<!-- Generated by org.testng.reporters.JUnitReportReporter -->
<testsuite skipped="0" hostname="DESKTOP-P8GB3II" name="testCases.Verify_allmediany_SignUp_Page" tests="1" failures="0" timestamp="23 Feb 2018 07:06:39 GMT" time="62.474" errors="0">
  <testcase name="OpenBrowserTesting" time="62.474" classname="testCases.Verify_allmediany_SignUp_Page"/>
</testsuite> <!-- testCases.Verify_allmediany_SignUp_Page -->
